        -:    0:Source:/home/sebifp/ubb/oop/lab2-4/main.c
        -:    0:Graph:/home/sebifp/ubb/oop/lab2-4/cmake-build-debug-coverage/CMakeFiles/lab2_4.dir/main.c.gcno
        -:    0:Data:/home/sebifp/ubb/oop/lab2-4/cmake-build-debug-coverage/CMakeFiles/lab2_4.dir/main.c.gcda
        -:    0:Runs:1
        -:    1:#include <stdio.h>
        -:    2:
function main called 1 returned 100% blocks executed 100%
        1:    3:int main() {
        1:    4:    printf("Hello, World!\n");
        1:    4-block  0
call    0 returned 1
        1:    5:    return 0;
        -:    6:}
