        -:    0:Source:/home/sebifp/ubb/oop/lab2-4/main.c
        -:    0:Graph:/home/sebifp/ubb/oop/lab2-4/cmake-build-debug-coverage/CMakeFiles/lab2_4.dir/main.c.gcno
        -:    0:Data:/home/sebifp/ubb/oop/lab2-4/cmake-build-debug-coverage/CMakeFiles/lab2_4.dir/main.c.gcda
        -:    0:Runs:1
        -:    1:#include <stdio.h>
        -:    2:#include "ui/ui.h"
        -:    3:
function main called 1 returned 100% blocks executed 100%
        1:    4:int main() {
        1:    5:    printf("Hello, World!\n");
        1:    5-block  0
call    0 returned 1
        1:    6:    app();
call    0 returned 1
        1:    7:    return 0;
        -:    8:}
