        -:    0:Source:/home/sebifp/ubb/oop/lab2-4/repos/repos.c
        -:    0:Graph:/home/sebifp/ubb/oop/lab2-4/cmake-build-debug-coverage/CMakeFiles/lab2_4.dir/repos/repos.c.gcno
        -:    0:Data:/home/sebifp/ubb/oop/lab2-4/cmake-build-debug-coverage/CMakeFiles/lab2_4.dir/repos/repos.c.gcda
        -:    0:Runs:1
        -:    1:#include <stdbool.h>
        -:    2:#include "repos.h"
        -:    3:
        -:    4:/*
        -:    5: * Attempts to return the product with the received id.
        -:    6: * Preconditions: products: a pointer to an array of instance of the Product struct
        -:    7: *                numberOfProducts: a positive integer
        -:    8: *                id: a positive integer
        -:    9: * Post-conditions: an integer
        -:   10: */
function getProductById called 0 returned 0% blocks executed 0%
    #####:   11:int getProductById(Product* products, int numberOfProducts, int id) {
        -:   12:    // search the product
    #####:   13:    int position = -1;
    #####:   14:    for (int i = 0; i < numberOfProducts; i++) {
    %%%%%:   14-block  0
    %%%%%:   14-block  1
    %%%%%:   14-block  2
branch  0 never executed
branch  1 never executed
    #####:   15:        if (products[i].id == id) {
    %%%%%:   15-block  0
branch  0 never executed
branch  1 never executed
    #####:   16:            position = i;
    %%%%%:   16-block  0
        -:   17:        }
        -:   18:    }
        -:   19:
    #####:   20:    return position;
    %%%%%:   20-block  0
        -:   21:}
        -:   22:
        -:   23:/*
        -:   24: * Attempts to add the received product in the list of products
        -:   25: * Preconditions: products: a pointer to an array with instances of the Product struct
        -:   26: *                numberOfProducts: a positive integer
        -:   27: *                newProduct: an instance of the Product struct
        -:   28: * Post-conditions: a boolean
        -:   29: */
function addProduct called 0 returned 0% blocks executed 0%
    #####:   30:bool addProduct(Product* products, int numberOfProducts, Product newProduct) {
        -:   31:    // check if there's already a product with the id of the newProduct
    #####:   32:    for (int i = 0; i < numberOfProducts; i++) {
    %%%%%:   32-block  0
    %%%%%:   32-block  1
    %%%%%:   32-block  2
branch  0 never executed
branch  1 never executed
    #####:   33:        if (products[i].id == newProduct.id) {
    %%%%%:   33-block  0
branch  0 never executed
branch  1 never executed
    #####:   34:            return false;
    %%%%%:   34-block  0
        -:   35:        }
        -:   36:    }
        -:   37:
        -:   38:    // add the new product
    #####:   39:    products[numberOfProducts] = newProduct;
    #####:   40:    return true;
    %%%%%:   40-block  0
        -:   41:}
        -:   42:
        -:   43:/*
        -:   44: * Attempts to update the product with the received id.
        -:   45: * Preconditions: products: a pointer to an array with instances of Product structs
        -:   46: *                numberOfProducts: a positive integer
        -:   47: *                productToUpdateId: a positive integer
        -:   48: *                newType: a char array
        -:   49: *                newPrice: a positive float
        -:   50: * Post-conditions: a boolean
        -:   51: */
function updateProduct called 0 returned 0% blocks executed 0%
    #####:   52:bool updateProduct(Product* products, int numberOfProducts, int productToUpdateId, int newQuantity, float newPrice) {
        -:   53:    // check if there is a product with the id of productToUpdateId
    #####:   54:    int position = -1;
    #####:   55:    for (int i = 0; i < numberOfProducts; i++) {
    %%%%%:   55-block  0
    %%%%%:   55-block  1
    %%%%%:   55-block  2
branch  0 never executed
branch  1 never executed
    #####:   56:        if (products[i].id == productToUpdateId) {
    %%%%%:   56-block  0
branch  0 never executed
branch  1 never executed
    #####:   57:            position = i;
    %%%%%:   57-block  0
        -:   58:        }
        -:   59:    }
        -:   60:
        -:   61:    // if the product is found, update it
    #####:   62:    if (position != -1) {
    %%%%%:   62-block  0
branch  0 never executed
branch  1 never executed
    #####:   63:        products[position].quantity = newQuantity;
    #####:   64:        products[position].price = newPrice;
    #####:   65:        return true;
    %%%%%:   65-block  0
        -:   66:    }
        -:   67:
    #####:   68:    return false;
    %%%%%:   68-block  0
        -:   69:}
        -:   70:
        -:   71:/*
        -:   72: * Attempts to delete the product with the received id.
        -:   73: * Preconditions: products: a pointer to an array with instance of the Product struct
        -:   74: *                numberOfProducts: a positive integer
        -:   75: *                productToDeleteId: a positive integer
        -:   76: * Post-conditions: a boolean
        -:   77: */
function deleteProduct called 0 returned 0% blocks executed 0%
    #####:   78:bool deleteProduct(Product* products, int numberOfProducts, int productToDeleteId) {
        -:   79:    // check if there is a product with the id of productToDeleteId
    #####:   80:    int position = -1;
    #####:   81:    for (int i = 0; i < numberOfProducts; i++) {
    %%%%%:   81-block  0
    %%%%%:   81-block  1
    %%%%%:   81-block  2
branch  0 never executed
branch  1 never executed
    #####:   82:        if (products[i].id == productToDeleteId) {
    %%%%%:   82-block  0
branch  0 never executed
branch  1 never executed
    #####:   83:            position = i;
    %%%%%:   83-block  0
        -:   84:        }
        -:   85:    }
        -:   86:
        -:   87:    // if the product was found, delete it
    #####:   88:    if (position != - 1) {
    %%%%%:   88-block  0
branch  0 never executed
branch  1 never executed
    #####:   89:        for (int i = position; i < numberOfProducts - 1; i++) {
    %%%%%:   89-block  0
    %%%%%:   89-block  1
branch  0 never executed
branch  1 never executed
    #####:   90:            products[i] = products[i + 1];
    #####:   91:            return true;
    %%%%%:   91-block  0
        -:   92:        }
        -:   93:    }
        -:   94:
    #####:   95:    return false;
    %%%%%:   95-block  0
        -:   96:}
