        -:    0:Source:/home/sebifp/ubb/oop/lab2-4/utils/utils.c
        -:    0:Graph:/home/sebifp/ubb/oop/lab2-4/cmake-build-debug-coverage/CMakeFiles/lab2_4.dir/utils/utils.c.gcno
        -:    0:Data:/home/sebifp/ubb/oop/lab2-4/cmake-build-debug-coverage/CMakeFiles/lab2_4.dir/utils/utils.c.gcda
        -:    0:Runs:1
        -:    1:#include <string.h>
        -:    2:#include "utils.h"
        -:    3:
function getIdForNewProduct called 0 returned 0% blocks executed 0%
    #####:    4:int getIdForNewProduct(Product* product, int numberOfProducts) {
        -:    5:    // find the max id in the list of products
    #####:    6:    int maxId = 0;
    #####:    7:    for (int i = 0; i < numberOfProducts; i++) {
    %%%%%:    7-block  0
    %%%%%:    7-block  1
    %%%%%:    7-block  2
branch  0 never executed
branch  1 never executed
    #####:    8:        if (product[i].id > maxId) {
    %%%%%:    8-block  0
branch  0 never executed
branch  1 never executed
    #####:    9:            maxId = product[i].id;
    %%%%%:    9-block  0
        -:   10:        }
        -:   11:    }
    #####:   12:    return ++maxId;
    %%%%%:   12-block  0
        -:   13:}
        -:   14:
function removeTrailingNewLine called 1 returned 100% blocks executed 100%
        1:   15:void removeTrailingNewLine(char* string) {
        1:   16:    if (strlen(string) > 0) {
        1:   16-block  0
branch  0 taken 1 (fallthrough)
branch  1 taken 0
        1:   17:        string[strlen(string) - 1] = '\0';
        1:   17-block  0
        -:   18:    }
        1:   19:}
