        -:    0:Source:/home/sebifp/ubb/oop/lab2-4/tests/tests.c
        -:    0:Graph:/home/sebifp/ubb/oop/lab2-4/cmake-build-debug-coverage/CMakeFiles/lab2_4.dir/tests/tests.c.gcno
        -:    0:Data:/home/sebifp/ubb/oop/lab2-4/cmake-build-debug-coverage/CMakeFiles/lab2_4.dir/tests/tests.c.gcda
        -:    0:Runs:1
        -:    1:#include "tests.h"
        -:    2:#include "repoTests.h"
        -:    3:#include "validatorsTest.h"
        -:    4:#include "controllerTests.h"
        -:    5:#include "utilsTests.h"
        -:    6:
function runAllTests called 1 returned 100% blocks executed 100%
        1:    7:void runAllTests() {
        -:    8:    // repo tests
        1:    9:    testGetProductById();
        1:    9-block  0
call    0 returned 1
        1:   10:    testAddProductRepo();
call    0 returned 1
        1:   11:    testUpdateProductRepo();
call    0 returned 1
        1:   12:    testDeleteProductRepo();
call    0 returned 1
        -:   13:
        -:   14:    // validators tests
        1:   15:    testValidateId();
call    0 returned 1
        1:   16:    testValidateManufacturer();
call    0 returned 1
        1:   17:    testValidateModel();
call    0 returned 1
        1:   18:    testValidateOption();
call    0 returned 1
        1:   19:    testValidatePrice();
call    0 returned 1
        1:   20:    testValidateQuantity();
call    0 returned 1
        1:   21:    testValidateType();
call    0 returned 1
        -:   22:
        -:   23:    // controller tests
        1:   24:    testAddProductController();
call    0 returned 1
        1:   25:    testUpdateProductController();
call    0 returned 1
        1:   26:    testDeleteProductController();
call    0 returned 1
        1:   27:    testGetAvailableProducts();
call    0 returned 1
        1:   28:    testGetProductsFiltered();
call    0 returned 1
        -:   29:
        -:   30:    // utils tests
        1:   31:    testGetIdForNewProduct();
call    0 returned 1
        1:   32:}
