        -:    0:Source:/home/sebifp/ubb/oop/lab2-4/utils/utils.c
        -:    0:Graph:/home/sebifp/ubb/oop/lab2-4/cmake-build-debug-coverage/CMakeFiles/lab2_4.dir/utils/utils.c.gcno
        -:    0:Data:/home/sebifp/ubb/oop/lab2-4/cmake-build-debug-coverage/CMakeFiles/lab2_4.dir/utils/utils.c.gcda
        -:    0:Runs:1
        -:    1:#include <string.h>
        -:    2:#include "utils.h"
        -:    3:
        -:    4:/*
        -:    5: * Returns a valid id for a new product.
        -:    6: * Preconditions: product: a pointer to an array of instances of the Product struct
        -:    7: *                numberOfProducts: a positive integer
        -:    8: * Post-conditions: an integer
        -:    9: */
function getIdForNewProduct called 1 returned 100% blocks executed 100%
        1:   10:int getIdForNewProduct(Product* product, int numberOfProducts) {
        -:   11:    // find the max id in the list of products
        1:   12:    int maxId = 0;
        2:   13:    for (int i = 0; i < numberOfProducts; i++) {
        1:   13-block  0
        1:   13-block  1
        2:   13-block  2
branch  0 taken 1
branch  1 taken 1 (fallthrough)
        1:   14:        if (product[i].id > maxId) {
        1:   14-block  0
branch  0 taken 1 (fallthrough)
branch  1 taken 0
        1:   15:            maxId = product[i].id;
        1:   15-block  0
        -:   16:        }
        -:   17:    }
        1:   18:    return ++maxId;
        1:   18-block  0
        -:   19:}
        -:   20:
        -:   21:/*
        -:   22: * A function that removes the trailing new line from fgets.
        -:   23: * Preconditions: string: a pointer to a char array
        -:   24: * Post-conditions: -
        -:   25: */
function removeTrailingNewLine called 1 returned 100% blocks executed 100%
        1:   26:void removeTrailingNewLine(char* string) {
        1:   27:    if (strlen(string) > 0) {
        1:   27-block  0
branch  0 taken 1 (fallthrough)
branch  1 taken 0
        1:   28:        string[strlen(string) - 1] = '\0';
        1:   28-block  0
        -:   29:    }
        1:   30:}
